[debug] [2025-03-12T14:47:28.257Z] ----------------------------------------------------------------------
[debug] [2025-03-12T14:47:28.261Z] Command:       C:\nvm4w\nodejs\node.exe C:\nvm4w\nodejs\node_modules\firebase-tools\lib\bin\firebase.js emulators:start --only firestore --project test
[debug] [2025-03-12T14:47:28.261Z] CLI Version:   13.34.0
[debug] [2025-03-12T14:47:28.262Z] Platform:      win32
[debug] [2025-03-12T14:47:28.262Z] Node Version:  v23.6.1
[debug] [2025-03-12T14:47:28.262Z] Time:          Wed Mar 12 2025 10:47:28 GMT-0400 (heure avancée de l’Est)
[debug] [2025-03-12T14:47:28.263Z] ----------------------------------------------------------------------
[debug] 
[debug] [2025-03-12T14:47:28.473Z] > command requires scopes: ["email","openid","https://www.googleapis.com/auth/cloudplatformprojects.readonly","https://www.googleapis.com/auth/firebase","https://www.googleapis.com/auth/cloud-platform"]
[debug] [2025-03-12T14:47:28.473Z] > authorizing via signed-in user (mlacassegermain@cmaisonneuve.qc.ca)
[debug] [2025-03-12T14:47:28.590Z] java version "23.0.2" 2025-01-21

[debug] [2025-03-12T14:47:28.590Z] Java(TM) SE Runtime Environment (build 23.0.2+7-58)
Java HotSpot(TM) 64-Bit Server VM (build 23.0.2+7-58, mixed mode, sharing)

[debug] [2025-03-12T14:47:28.604Z] Parsed Java major version: 23
[info] i  emulators: Starting emulators: firestore {"metadata":{"emulator":{"name":"hub"},"message":"Starting emulators: firestore"}}
[debug] [2025-03-12T14:47:28.616Z] [logging] Logging Emulator only supports listening on one address (127.0.0.1). Not listening on ::1
[debug] [2025-03-12T14:47:28.616Z] [firestore] Firestore Emulator only supports listening on one address (127.0.0.1). Not listening on ::1
[debug] [2025-03-12T14:47:28.616Z] [firestore.websocket] websocket server for firestore only supports listening on one address (127.0.0.1). Not listening on ::1
[debug] [2025-03-12T14:47:28.617Z] assigned listening specs for emulators {"user":{"hub":[{"address":"127.0.0.1","family":"IPv4","port":4400},{"address":"::1","family":"IPv6","port":4400}],"ui":[{"address":"127.0.0.1","family":"IPv4","port":3006},{"address":"::1","family":"IPv6","port":3006}],"logging":[{"address":"127.0.0.1","family":"IPv4","port":4500}],"firestore":[{"address":"127.0.0.1","family":"IPv4","port":3005}],"firestore.websocket":[{"address":"127.0.0.1","family":"IPv4","port":9150}]},"metadata":{"message":"assigned listening specs for emulators"}}
[debug] [2025-03-12T14:47:28.623Z] [hub] writing locator at C:\Users\Maxime\AppData\Local\Temp\hub-test.json
[warn] !  firestore: Cloud Firestore Emulator does not support multiple databases yet. {"metadata":{"emulator":{"name":"firestore"},"message":"Cloud Firestore Emulator does not support multiple databases yet."}}
[warn] !  firestore: Did not find a Cloud Firestore rules file specified in a firebase.json config file. {"metadata":{"emulator":{"name":"firestore"},"message":"Did not find a Cloud Firestore rules file specified in a firebase.json config file."}}
[warn] !  firestore: The emulator will default to allowing all reads and writes. Learn more about this option: https://firebase.google.com/docs/emulator-suite/install_and_configure#security_rules_configuration. {"metadata":{"emulator":{"name":"firestore"},"message":"The emulator will default to allowing all reads and writes. Learn more about this option: https://firebase.google.com/docs/emulator-suite/install_and_configure#security_rules_configuration."}}
[debug] [2025-03-12T14:47:28.640Z] Ignoring unsupported arg: auto_download {"metadata":{"emulator":{"name":"firestore"},"message":"Ignoring unsupported arg: auto_download"}}
[debug] [2025-03-12T14:47:28.640Z] Ignoring unsupported arg: single_project_mode_error {"metadata":{"emulator":{"name":"firestore"},"message":"Ignoring unsupported arg: single_project_mode_error"}}
[debug] [2025-03-12T14:47:28.640Z] Starting Firestore Emulator with command {"binary":"java","args":["-Dgoogle.cloud_firestore.debug_log_level=FINE","-Duser.language=en","-jar","C:\\Users\\Maxime\\.cache\\firebase\\emulators\\cloud-firestore-emulator-v1.19.8.jar","--host","127.0.0.1","--port",3005,"--websocket_port",9150,"--project_id","test","--single_project_mode",true],"optionalArgs":["port","webchannel_port","host","rules","websocket_port","functions_emulator","seed_from_export","project_id","single_project_mode"],"joinArgs":false,"shell":false,"port":3005} {"metadata":{"emulator":{"name":"firestore"},"message":"Starting Firestore Emulator with command {\"binary\":\"java\",\"args\":[\"-Dgoogle.cloud_firestore.debug_log_level=FINE\",\"-Duser.language=en\",\"-jar\",\"C:\\\\Users\\\\Maxime\\\\.cache\\\\firebase\\\\emulators\\\\cloud-firestore-emulator-v1.19.8.jar\",\"--host\",\"127.0.0.1\",\"--port\",3005,\"--websocket_port\",9150,\"--project_id\",\"test\",\"--single_project_mode\",true],\"optionalArgs\":[\"port\",\"webchannel_port\",\"host\",\"rules\",\"websocket_port\",\"functions_emulator\",\"seed_from_export\",\"project_id\",\"single_project_mode\"],\"joinArgs\":false,\"shell\":false,\"port\":3005}"}}
[info] i  firestore: Firestore Emulator logging to firestore-debug.log {"metadata":{"emulator":{"name":"firestore"},"message":"Firestore Emulator logging to \u001b[1mfirestore-debug.log\u001b[22m"}}
[info] +  firestore: Firestore Emulator UI websocket is running on 9150. {"metadata":{"emulator":{"name":"firestore"},"message":"Firestore Emulator UI websocket is running on 9150."}}
[info] i  ui: downloading ui-v1.14.0.zip... {"metadata":{"emulator":{"name":"ui"},"message":"downloading ui-v1.14.0.zip..."}}
[debug] [2025-03-12T14:47:30.892Z] >>> [apiv2][query] GET https://storage.googleapis.com/firebase-preview-drop/emulator/ui-v1.14.0.zip 
[debug] [2025-03-12T14:47:31.130Z] <<< [apiv2][status] GET https://storage.googleapis.com/firebase-preview-drop/emulator/ui-v1.14.0.zip 200
[debug] [2025-03-12T14:47:31.130Z] <<< [apiv2][body] GET https://storage.googleapis.com/firebase-preview-drop/emulator/ui-v1.14.0.zip [stream]
[debug] [2025-03-12T14:47:32.125Z] Data is 3615311
[debug] [2025-03-12T14:47:32.125Z] [unzip] Entry: client/ (compressed_size=0 bytes, uncompressed_size=0 bytes)
[debug] [2025-03-12T14:47:32.125Z] [unzip] Processing entry: client\
[debug] [2025-03-12T14:47:32.125Z] [unzip] mkdir: C:\Users\Maxime\.cache\firebase\emulators\ui-v1.14.0\client\
[debug] [2025-03-12T14:47:32.127Z] [unzip] Entry: client/favicon-16x16.png (compressed_size=293 bytes, uncompressed_size=293 bytes)
[debug] [2025-03-12T14:47:32.128Z] [unzip] Processing entry: client\favicon-16x16.png
[debug] [2025-03-12T14:47:32.128Z] [unzip] else mkdir: C:\Users\Maxime\.cache\firebase\emulators\ui-v1.14.0\client
[debug] [2025-03-12T14:47:32.128Z] [unzip] Writing file: C:\Users\Maxime\.cache\firebase\emulators\ui-v1.14.0\client\favicon-16x16.png
[debug] [2025-03-12T14:47:32.130Z] [unzip] Entry: client/safari-pinned-tab.svg (compressed_size=1433 bytes, uncompressed_size=2611 bytes)
[debug] [2025-03-12T14:47:32.130Z] [unzip] Processing entry: client\safari-pinned-tab.svg
[debug] [2025-03-12T14:47:32.130Z] [unzip] else mkdir: C:\Users\Maxime\.cache\firebase\emulators\ui-v1.14.0\client
[debug] [2025-03-12T14:47:32.131Z] [unzip] deflating: C:\Users\Maxime\.cache\firebase\emulators\ui-v1.14.0\client\safari-pinned-tab.svg
[debug] [2025-03-12T14:47:32.139Z] [unzip] Entry: client/favicon.ico (compressed_size=2933 bytes, uncompressed_size=13294 bytes)
[debug] [2025-03-12T14:47:32.139Z] [unzip] Processing entry: client\favicon.ico
[debug] [2025-03-12T14:47:32.139Z] [unzip] else mkdir: C:\Users\Maxime\.cache\firebase\emulators\ui-v1.14.0\client
[debug] [2025-03-12T14:47:32.140Z] [unzip] deflating: C:\Users\Maxime\.cache\firebase\emulators\ui-v1.14.0\client\favicon.ico
[debug] [2025-03-12T14:47:32.144Z] [unzip] Entry: client/index.html (compressed_size=1363 bytes, uncompressed_size=3071 bytes)
[debug] [2025-03-12T14:47:32.144Z] [unzip] Processing entry: client\index.html
[debug] [2025-03-12T14:47:32.145Z] [unzip] else mkdir: C:\Users\Maxime\.cache\firebase\emulators\ui-v1.14.0\client
[debug] [2025-03-12T14:47:32.145Z] [unzip] deflating: C:\Users\Maxime\.cache\firebase\emulators\ui-v1.14.0\client\index.html
[debug] [2025-03-12T14:47:32.148Z] [unzip] Entry: client/android-chrome-192x192.png (compressed_size=2684 bytes, uncompressed_size=2684 bytes)
[debug] [2025-03-12T14:47:32.148Z] [unzip] Processing entry: client\android-chrome-192x192.png
[debug] [2025-03-12T14:47:32.149Z] [unzip] else mkdir: C:\Users\Maxime\.cache\firebase\emulators\ui-v1.14.0\client
[debug] [2025-03-12T14:47:32.149Z] [unzip] Writing file: C:\Users\Maxime\.cache\firebase\emulators\ui-v1.14.0\client\android-chrome-192x192.png
[debug] [2025-03-12T14:47:32.151Z] [unzip] Entry: client/apple-touch-icon.png (compressed_size=2123 bytes, uncompressed_size=2152 bytes)
[debug] [2025-03-12T14:47:32.151Z] [unzip] Processing entry: client\apple-touch-icon.png
[debug] [2025-03-12T14:47:32.151Z] [unzip] else mkdir: C:\Users\Maxime\.cache\firebase\emulators\ui-v1.14.0\client
[debug] [2025-03-12T14:47:32.151Z] [unzip] deflating: C:\Users\Maxime\.cache\firebase\emulators\ui-v1.14.0\client\apple-touch-icon.png
[debug] [2025-03-12T14:47:32.153Z] [unzip] Entry: client/android-chrome-512x512.png (compressed_size=5369 bytes, uncompressed_size=5411 bytes)
[debug] [2025-03-12T14:47:32.154Z] [unzip] Processing entry: client\android-chrome-512x512.png
[debug] [2025-03-12T14:47:32.154Z] [unzip] else mkdir: C:\Users\Maxime\.cache\firebase\emulators\ui-v1.14.0\client
[debug] [2025-03-12T14:47:32.154Z] [unzip] deflating: C:\Users\Maxime\.cache\firebase\emulators\ui-v1.14.0\client\android-chrome-512x512.png
[debug] [2025-03-12T14:47:32.156Z] [unzip] Entry: client/manifest.json (compressed_size=245 bytes, uncompressed_size=551 bytes)
[debug] [2025-03-12T14:47:32.156Z] [unzip] Processing entry: client\manifest.json
[debug] [2025-03-12T14:47:32.156Z] [unzip] else mkdir: C:\Users\Maxime\.cache\firebase\emulators\ui-v1.14.0\client
[debug] [2025-03-12T14:47:32.156Z] [unzip] deflating: C:\Users\Maxime\.cache\firebase\emulators\ui-v1.14.0\client\manifest.json
[debug] [2025-03-12T14:47:32.158Z] [unzip] Entry: client/robots.txt (compressed_size=26 bytes, uncompressed_size=26 bytes)
[debug] [2025-03-12T14:47:32.158Z] [unzip] Processing entry: client\robots.txt
[debug] [2025-03-12T14:47:32.158Z] [unzip] else mkdir: C:\Users\Maxime\.cache\firebase\emulators\ui-v1.14.0\client
[debug] [2025-03-12T14:47:32.159Z] [unzip] Writing file: C:\Users\Maxime\.cache\firebase\emulators\ui-v1.14.0\client\robots.txt
[debug] [2025-03-12T14:47:32.160Z] [unzip] Entry: client/mstile-150x150.png (compressed_size=2034 bytes, uncompressed_size=2034 bytes)
[debug] [2025-03-12T14:47:32.160Z] [unzip] Processing entry: client\mstile-150x150.png
[debug] [2025-03-12T14:47:32.160Z] [unzip] else mkdir: C:\Users\Maxime\.cache\firebase\emulators\ui-v1.14.0\client
[debug] [2025-03-12T14:47:32.161Z] [unzip] Writing file: C:\Users\Maxime\.cache\firebase\emulators\ui-v1.14.0\client\mstile-150x150.png
[debug] [2025-03-12T14:47:32.163Z] [unzip] Entry: client/assets/ (compressed_size=0 bytes, uncompressed_size=0 bytes)
[debug] [2025-03-12T14:47:32.164Z] [unzip] Processing entry: client\assets\
[debug] [2025-03-12T14:47:32.164Z] [unzip] mkdir: C:\Users\Maxime\.cache\firebase\emulators\ui-v1.14.0\client\assets\
[debug] [2025-03-12T14:47:32.165Z] [unzip] Entry: client/assets/index-ClZTY_JS.js.map (compressed_size=2328270 bytes, uncompressed_size=9947004 bytes)
[debug] [2025-03-12T14:47:32.166Z] [unzip] Processing entry: client\assets\index-ClZTY_JS.js.map
[debug] [2025-03-12T14:47:32.166Z] [unzip] else mkdir: C:\Users\Maxime\.cache\firebase\emulators\ui-v1.14.0\client\assets
[debug] [2025-03-12T14:47:32.166Z] [unzip] deflating: C:\Users\Maxime\.cache\firebase\emulators\ui-v1.14.0\client\assets\index-ClZTY_JS.js.map
[debug] [2025-03-12T14:47:32.223Z] [unzip] Entry: client/assets/index-ClZTY_JS.js (compressed_size=567195 bytes, uncompressed_size=2035940 bytes)
[debug] [2025-03-12T14:47:32.223Z] [unzip] Processing entry: client\assets\index-ClZTY_JS.js
[debug] [2025-03-12T14:47:32.223Z] [unzip] else mkdir: C:\Users\Maxime\.cache\firebase\emulators\ui-v1.14.0\client\assets
[debug] [2025-03-12T14:47:32.224Z] [unzip] deflating: C:\Users\Maxime\.cache\firebase\emulators\ui-v1.14.0\client\assets\index-ClZTY_JS.js
[debug] [2025-03-12T14:47:32.236Z] [unzip] Entry: client/assets/index-BdgySamB.css (compressed_size=35979 bytes, uncompressed_size=298654 bytes)
[debug] [2025-03-12T14:47:32.236Z] [unzip] Processing entry: client\assets\index-BdgySamB.css
[debug] [2025-03-12T14:47:32.236Z] [unzip] else mkdir: C:\Users\Maxime\.cache\firebase\emulators\ui-v1.14.0\client\assets
[debug] [2025-03-12T14:47:32.236Z] [unzip] deflating: C:\Users\Maxime\.cache\firebase\emulators\ui-v1.14.0\client\assets\index-BdgySamB.css
[debug] [2025-03-12T14:47:32.239Z] [unzip] Entry: client/assets/extensions/ (compressed_size=0 bytes, uncompressed_size=0 bytes)
[debug] [2025-03-12T14:47:32.240Z] [unzip] Processing entry: client\assets\extensions\
[debug] [2025-03-12T14:47:32.240Z] [unzip] mkdir: C:\Users\Maxime\.cache\firebase\emulators\ui-v1.14.0\client\assets\extensions\
[debug] [2025-03-12T14:47:32.240Z] [unzip] Entry: client/assets/extensions/default-extension.png (compressed_size=1646 bytes, uncompressed_size=1657 bytes)
[debug] [2025-03-12T14:47:32.240Z] [unzip] Processing entry: client\assets\extensions\default-extension.png
[debug] [2025-03-12T14:47:32.240Z] [unzip] else mkdir: C:\Users\Maxime\.cache\firebase\emulators\ui-v1.14.0\client\assets\extensions
[debug] [2025-03-12T14:47:32.241Z] [unzip] deflating: C:\Users\Maxime\.cache\firebase\emulators\ui-v1.14.0\client\assets\extensions\default-extension.png
[debug] [2025-03-12T14:47:32.242Z] [unzip] Entry: client/assets/img/ (compressed_size=0 bytes, uncompressed_size=0 bytes)
[debug] [2025-03-12T14:47:32.242Z] [unzip] Processing entry: client\assets\img\
[debug] [2025-03-12T14:47:32.242Z] [unzip] mkdir: C:\Users\Maxime\.cache\firebase\emulators\ui-v1.14.0\client\assets\img\
[debug] [2025-03-12T14:47:32.243Z] [unzip] Entry: client/assets/img/database.png (compressed_size=29449 bytes, uncompressed_size=29988 bytes)
[debug] [2025-03-12T14:47:32.243Z] [unzip] Processing entry: client\assets\img\database.png
[debug] [2025-03-12T14:47:32.243Z] [unzip] else mkdir: C:\Users\Maxime\.cache\firebase\emulators\ui-v1.14.0\client\assets\img
[debug] [2025-03-12T14:47:32.243Z] [unzip] deflating: C:\Users\Maxime\.cache\firebase\emulators\ui-v1.14.0\client\assets\img\database.png
[debug] [2025-03-12T14:47:32.244Z] [unzip] Entry: client/assets/provider-icons/ (compressed_size=0 bytes, uncompressed_size=0 bytes)
[debug] [2025-03-12T14:47:32.245Z] [unzip] Processing entry: client\assets\provider-icons\
[debug] [2025-03-12T14:47:32.245Z] [unzip] mkdir: C:\Users\Maxime\.cache\firebase\emulators\ui-v1.14.0\client\assets\provider-icons\
[debug] [2025-03-12T14:47:32.245Z] [unzip] Entry: client/assets/provider-icons/auth_service_saml.svg (compressed_size=575 bytes, uncompressed_size=1226 bytes)
[debug] [2025-03-12T14:47:32.245Z] [unzip] Processing entry: client\assets\provider-icons\auth_service_saml.svg
[debug] [2025-03-12T14:47:32.245Z] [unzip] else mkdir: C:\Users\Maxime\.cache\firebase\emulators\ui-v1.14.0\client\assets\provider-icons
[debug] [2025-03-12T14:47:32.246Z] [unzip] deflating: C:\Users\Maxime\.cache\firebase\emulators\ui-v1.14.0\client\assets\provider-icons\auth_service_saml.svg
[debug] [2025-03-12T14:47:32.247Z] [unzip] Entry: client/assets/provider-icons/auth_service_phone.svg (compressed_size=261 bytes, uncompressed_size=414 bytes)
[debug] [2025-03-12T14:47:32.247Z] [unzip] Processing entry: client\assets\provider-icons\auth_service_phone.svg
[debug] [2025-03-12T14:47:32.247Z] [unzip] else mkdir: C:\Users\Maxime\.cache\firebase\emulators\ui-v1.14.0\client\assets\provider-icons
[debug] [2025-03-12T14:47:32.248Z] [unzip] deflating: C:\Users\Maxime\.cache\firebase\emulators\ui-v1.14.0\client\assets\provider-icons\auth_service_phone.svg
[debug] [2025-03-12T14:47:32.249Z] [unzip] Entry: client/assets/provider-icons/auth_service_facebook.svg (compressed_size=289 bytes, uncompressed_size=457 bytes)
[debug] [2025-03-12T14:47:32.249Z] [unzip] Processing entry: client\assets\provider-icons\auth_service_facebook.svg
[debug] [2025-03-12T14:47:32.249Z] [unzip] else mkdir: C:\Users\Maxime\.cache\firebase\emulators\ui-v1.14.0\client\assets\provider-icons
[debug] [2025-03-12T14:47:32.249Z] [unzip] deflating: C:\Users\Maxime\.cache\firebase\emulators\ui-v1.14.0\client\assets\provider-icons\auth_service_facebook.svg
[debug] [2025-03-12T14:47:32.251Z] [unzip] Entry: client/assets/provider-icons/auth_service_game_center.svg (compressed_size=991 bytes, uncompressed_size=3921 bytes)
[debug] [2025-03-12T14:47:32.251Z] [unzip] Processing entry: client\assets\provider-icons\auth_service_game_center.svg
[debug] [2025-03-12T14:47:32.251Z] [unzip] else mkdir: C:\Users\Maxime\.cache\firebase\emulators\ui-v1.14.0\client\assets\provider-icons
[debug] [2025-03-12T14:47:32.251Z] [unzip] deflating: C:\Users\Maxime\.cache\firebase\emulators\ui-v1.14.0\client\assets\provider-icons\auth_service_game_center.svg
[debug] [2025-03-12T14:47:32.253Z] [unzip] Entry: client/assets/provider-icons/auth_service_apple.svg (compressed_size=230 bytes, uncompressed_size=334 bytes)
[debug] [2025-03-12T14:47:32.253Z] [unzip] Processing entry: client\assets\provider-icons\auth_service_apple.svg
[debug] [2025-03-12T14:47:32.253Z] [unzip] else mkdir: C:\Users\Maxime\.cache\firebase\emulators\ui-v1.14.0\client\assets\provider-icons
[debug] [2025-03-12T14:47:32.253Z] [unzip] deflating: C:\Users\Maxime\.cache\firebase\emulators\ui-v1.14.0\client\assets\provider-icons\auth_service_apple.svg
[debug] [2025-03-12T14:47:32.255Z] [unzip] Entry: client/assets/provider-icons/auth_service_github.svg (compressed_size=466 bytes, uncompressed_size=838 bytes)
[debug] [2025-03-12T14:47:32.255Z] [unzip] Processing entry: client\assets\provider-icons\auth_service_github.svg
[debug] [2025-03-12T14:47:32.255Z] [unzip] else mkdir: C:\Users\Maxime\.cache\firebase\emulators\ui-v1.14.0\client\assets\provider-icons
[debug] [2025-03-12T14:47:32.255Z] [unzip] deflating: C:\Users\Maxime\.cache\firebase\emulators\ui-v1.14.0\client\assets\provider-icons\auth_service_github.svg
[debug] [2025-03-12T14:47:32.257Z] [unzip] Entry: client/assets/provider-icons/auth_service_mslive.svg (compressed_size=203 bytes, uncompressed_size=378 bytes)
[debug] [2025-03-12T14:47:32.257Z] [unzip] Processing entry: client\assets\provider-icons\auth_service_mslive.svg
[debug] [2025-03-12T14:47:32.257Z] [unzip] else mkdir: C:\Users\Maxime\.cache\firebase\emulators\ui-v1.14.0\client\assets\provider-icons
[debug] [2025-03-12T14:47:32.258Z] [unzip] deflating: C:\Users\Maxime\.cache\firebase\emulators\ui-v1.14.0\client\assets\provider-icons\auth_service_mslive.svg
[debug] [2025-03-12T14:47:32.260Z] [unzip] Entry: client/assets/provider-icons/auth_service_yahoo.svg (compressed_size=577 bytes, uncompressed_size=1182 bytes)
[debug] [2025-03-12T14:47:32.260Z] [unzip] Processing entry: client\assets\provider-icons\auth_service_yahoo.svg
[debug] [2025-03-12T14:47:32.260Z] [unzip] else mkdir: C:\Users\Maxime\.cache\firebase\emulators\ui-v1.14.0\client\assets\provider-icons
[debug] [2025-03-12T14:47:32.261Z] [unzip] deflating: C:\Users\Maxime\.cache\firebase\emulators\ui-v1.14.0\client\assets\provider-icons\auth_service_yahoo.svg
[debug] [2025-03-12T14:47:32.263Z] [unzip] Entry: client/assets/provider-icons/auth_service_twitter.svg (compressed_size=444 bytes, uncompressed_size=751 bytes)
[debug] [2025-03-12T14:47:32.263Z] [unzip] Processing entry: client\assets\provider-icons\auth_service_twitter.svg
[debug] [2025-03-12T14:47:32.263Z] [unzip] else mkdir: C:\Users\Maxime\.cache\firebase\emulators\ui-v1.14.0\client\assets\provider-icons
[debug] [2025-03-12T14:47:32.264Z] [unzip] deflating: C:\Users\Maxime\.cache\firebase\emulators\ui-v1.14.0\client\assets\provider-icons\auth_service_twitter.svg
[debug] [2025-03-12T14:47:32.265Z] [unzip] Entry: client/assets/provider-icons/auth_service_play_games.svg (compressed_size=565 bytes, uncompressed_size=1173 bytes)
[debug] [2025-03-12T14:47:32.265Z] [unzip] Processing entry: client\assets\provider-icons\auth_service_play_games.svg
[debug] [2025-03-12T14:47:32.265Z] [unzip] else mkdir: C:\Users\Maxime\.cache\firebase\emulators\ui-v1.14.0\client\assets\provider-icons
[debug] [2025-03-12T14:47:32.266Z] [unzip] deflating: C:\Users\Maxime\.cache\firebase\emulators\ui-v1.14.0\client\assets\provider-icons\auth_service_play_games.svg
[debug] [2025-03-12T14:47:32.267Z] [unzip] Entry: client/assets/provider-icons/auth_service_email.svg (compressed_size=228 bytes, uncompressed_size=326 bytes)
[debug] [2025-03-12T14:47:32.267Z] [unzip] Processing entry: client\assets\provider-icons\auth_service_email.svg
[debug] [2025-03-12T14:47:32.267Z] [unzip] else mkdir: C:\Users\Maxime\.cache\firebase\emulators\ui-v1.14.0\client\assets\provider-icons
[debug] [2025-03-12T14:47:32.267Z] [unzip] deflating: C:\Users\Maxime\.cache\firebase\emulators\ui-v1.14.0\client\assets\provider-icons\auth_service_email.svg
[debug] [2025-03-12T14:47:32.268Z] [unzip] Entry: client/assets/provider-icons/auth_service_google.svg (compressed_size=409 bytes, uncompressed_size=720 bytes)
[debug] [2025-03-12T14:47:32.269Z] [unzip] Processing entry: client\assets\provider-icons\auth_service_google.svg
[debug] [2025-03-12T14:47:32.269Z] [unzip] else mkdir: C:\Users\Maxime\.cache\firebase\emulators\ui-v1.14.0\client\assets\provider-icons
[debug] [2025-03-12T14:47:32.269Z] [unzip] deflating: C:\Users\Maxime\.cache\firebase\emulators\ui-v1.14.0\client\assets\provider-icons\auth_service_google.svg
[debug] [2025-03-12T14:47:32.274Z] [unzip] Entry: client/assets/provider-icons/auth_service_oidc.svg (compressed_size=414 bytes, uncompressed_size=858 bytes)
[debug] [2025-03-12T14:47:32.274Z] [unzip] Processing entry: client\assets\provider-icons\auth_service_oidc.svg
[debug] [2025-03-12T14:47:32.274Z] [unzip] else mkdir: C:\Users\Maxime\.cache\firebase\emulators\ui-v1.14.0\client\assets\provider-icons
[debug] [2025-03-12T14:47:32.274Z] [unzip] deflating: C:\Users\Maxime\.cache\firebase\emulators\ui-v1.14.0\client\assets\provider-icons\auth_service_oidc.svg
[debug] [2025-03-12T14:47:32.276Z] [unzip] Entry: client/browserconfig.xml (compressed_size=491 bytes, uncompressed_size=822 bytes)
[debug] [2025-03-12T14:47:32.276Z] [unzip] Processing entry: client\browserconfig.xml
[debug] [2025-03-12T14:47:32.276Z] [unzip] else mkdir: C:\Users\Maxime\.cache\firebase\emulators\ui-v1.14.0\client
[debug] [2025-03-12T14:47:32.276Z] [unzip] deflating: C:\Users\Maxime\.cache\firebase\emulators\ui-v1.14.0\client\browserconfig.xml
[debug] [2025-03-12T14:47:32.278Z] [unzip] Entry: client/favicon-32x32.png (compressed_size=475 bytes, uncompressed_size=475 bytes)
[debug] [2025-03-12T14:47:32.278Z] [unzip] Processing entry: client\favicon-32x32.png
[debug] [2025-03-12T14:47:32.278Z] [unzip] else mkdir: C:\Users\Maxime\.cache\firebase\emulators\ui-v1.14.0\client
[debug] [2025-03-12T14:47:32.279Z] [unzip] Writing file: C:\Users\Maxime\.cache\firebase\emulators\ui-v1.14.0\client\favicon-32x32.png
[debug] [2025-03-12T14:47:32.280Z] [unzip] Entry: server/ (compressed_size=0 bytes, uncompressed_size=0 bytes)
[debug] [2025-03-12T14:47:32.280Z] [unzip] Processing entry: server\
[debug] [2025-03-12T14:47:32.280Z] [unzip] mkdir: C:\Users\Maxime\.cache\firebase\emulators\ui-v1.14.0\server\
[debug] [2025-03-12T14:47:32.282Z] [unzip] Entry: server/server.mjs.map (compressed_size=296496 bytes, uncompressed_size=1355667 bytes)
[debug] [2025-03-12T14:47:32.282Z] [unzip] Processing entry: server\server.mjs.map
[debug] [2025-03-12T14:47:32.282Z] [unzip] else mkdir: C:\Users\Maxime\.cache\firebase\emulators\ui-v1.14.0\server
[debug] [2025-03-12T14:47:32.283Z] [unzip] deflating: C:\Users\Maxime\.cache\firebase\emulators\ui-v1.14.0\server\server.mjs.map
[debug] [2025-03-12T14:47:32.294Z] [unzip] Entry: server/server.mjs (compressed_size=315701 bytes, uncompressed_size=1172682 bytes)
[debug] [2025-03-12T14:47:32.295Z] [unzip] Processing entry: server\server.mjs
[debug] [2025-03-12T14:47:32.295Z] [unzip] else mkdir: C:\Users\Maxime\.cache\firebase\emulators\ui-v1.14.0\server
[debug] [2025-03-12T14:47:32.295Z] [unzip] deflating: C:\Users\Maxime\.cache\firebase\emulators\ui-v1.14.0\server\server.mjs
[debug] [2025-03-12T14:47:32.304Z] [unzip] Entry: server/assets/ (compressed_size=0 bytes, uncompressed_size=0 bytes)
[debug] [2025-03-12T14:47:32.304Z] [unzip] Processing entry: server\assets\
[debug] [2025-03-12T14:47:32.304Z] [unzip] mkdir: C:\Users\Maxime\.cache\firebase\emulators\ui-v1.14.0\server\assets\
[debug] [2025-03-12T14:47:32.304Z] [unzip] Entry: server/assets/multipart-parser-DGCUZdXu.mjs.map (compressed_size=4791 bytes, uncompressed_size=17918 bytes)
[debug] [2025-03-12T14:47:32.304Z] [unzip] Processing entry: server\assets\multipart-parser-DGCUZdXu.mjs.map
[debug] [2025-03-12T14:47:32.305Z] [unzip] else mkdir: C:\Users\Maxime\.cache\firebase\emulators\ui-v1.14.0\server\assets
[debug] [2025-03-12T14:47:32.305Z] [unzip] deflating: C:\Users\Maxime\.cache\firebase\emulators\ui-v1.14.0\server\assets\multipart-parser-DGCUZdXu.mjs.map
[debug] [2025-03-12T14:47:32.306Z] [unzip] Entry: server/assets/multipart-parser-DGCUZdXu.mjs (compressed_size=2621 bytes, uncompressed_size=10390 bytes)
[debug] [2025-03-12T14:47:32.306Z] [unzip] Processing entry: server\assets\multipart-parser-DGCUZdXu.mjs
[debug] [2025-03-12T14:47:32.306Z] [unzip] else mkdir: C:\Users\Maxime\.cache\firebase\emulators\ui-v1.14.0\server\assets
[debug] [2025-03-12T14:47:32.306Z] [unzip] deflating: C:\Users\Maxime\.cache\firebase\emulators\ui-v1.14.0\server\assets\multipart-parser-DGCUZdXu.mjs
[debug] [2025-03-12T14:47:32.314Z] Could not find VSCode notification endpoint: FetchError: request to http://localhost:40001/vscode/notify failed, reason: . If you are not running the Firebase Data Connect VSCode extension, this is expected and not an issue.
[info] 
┌─────────────────────────────────────────────────────────────┐
│ ✔  All emulators ready! It is now safe to connect your app. │
│ i  View Emulator UI at http://127.0.0.1:3006/               │
└─────────────────────────────────────────────────────────────┘

┌───────────┬────────────────┬─────────────────────────────────┐
│ Emulator  │ Host:Port      │ View in Emulator UI             │
├───────────┼────────────────┼─────────────────────────────────┤
│ Firestore │ 127.0.0.1:3005 │ http://127.0.0.1:3006/firestore │
└───────────┴────────────────┴─────────────────────────────────┘
  Emulator Hub host: 127.0.0.1 port: 4400
  Other reserved ports: 4500, 9150

Issues? Report them at https://github.com/firebase/firebase-tools/issues and attach the *-debug.log files.
 
